----------------------------------------
2016/7/29 下午 02:56:46	[Error]	[HOWHOWSONY-12WE]	Attaching an entity of type 'TopPos.Data.Entities.BAC_Menu_M' failed because another entity of the same type already has the same primary key value. This can happen when using the 'Attach' method or setting the state of an entity to 'Unchanged' or 'Modified' if any entities in the graph have conflicting key values. This may be because some entities are new and have not yet received database-generated key values. In this case use the 'Add' method or the 'Added' entity state to track the graph and then set the state of non-new entities to 'Unchanged' or 'Modified' as appropriate.
Source:D:\Souce work\NEC\Cosmed-Db\TopPos.Data\Utility\BasicRepository.cs	line:153
----------------------------------------
2016/7/29 下午 02:57:42	[Error]	[HOWHOWSONY-12WE]	Attaching an entity of type 'TopPos.Data.Entities.BAC_Menu_M' failed because another entity of the same type already has the same primary key value. This can happen when using the 'Attach' method or setting the state of an entity to 'Unchanged' or 'Modified' if any entities in the graph have conflicting key values. This may be because some entities are new and have not yet received database-generated key values. In this case use the 'Add' method or the 'Added' entity state to track the graph and then set the state of non-new entities to 'Unchanged' or 'Modified' as appropriate.
Source:D:\Souce work\NEC\Cosmed-Db\TopPos.Data\Utility\BasicRepository.cs	line:153
----------------------------------------
2016/7/29 下午 02:59:08	[Error]	[HOWHOWSONY-12WE]	Attaching an entity of type 'TopPos.Data.Entities.BAC_Menu_M' failed because another entity of the same type already has the same primary key value. This can happen when using the 'Attach' method or setting the state of an entity to 'Unchanged' or 'Modified' if any entities in the graph have conflicting key values. This may be because some entities are new and have not yet received database-generated key values. In this case use the 'Add' method or the 'Added' entity state to track the graph and then set the state of non-new entities to 'Unchanged' or 'Modified' as appropriate.
Source:D:\Souce work\NEC\Cosmed-Db\TopPos.Data\Utility\BasicRepository.cs	line:153
----------------------------------------
2016/7/29 下午 03:01:17	[Error]	[HOWHOWSONY-12WE]	Attaching an entity of type 'TopPos.Data.Entities.BAC_Menu_M' failed because another entity of the same type already has the same primary key value. This can happen when using the 'Attach' method or setting the state of an entity to 'Unchanged' or 'Modified' if any entities in the graph have conflicting key values. This may be because some entities are new and have not yet received database-generated key values. In this case use the 'Add' method or the 'Added' entity state to track the graph and then set the state of non-new entities to 'Unchanged' or 'Modified' as appropriate.
Source:D:\Souce work\NEC\Cosmed-Db\TopPos.Data\Utility\BasicRepository.cs	line:153
----------------------------------------
2016/7/29 下午 03:02:03	[Error]	[HOWHOWSONY-12WE]	Attaching an entity of type 'TopPos.Data.Entities.BAC_Menu_M' failed because another entity of the same type already has the same primary key value. This can happen when using the 'Attach' method or setting the state of an entity to 'Unchanged' or 'Modified' if any entities in the graph have conflicting key values. This may be because some entities are new and have not yet received database-generated key values. In this case use the 'Add' method or the 'Added' entity state to track the graph and then set the state of non-new entities to 'Unchanged' or 'Modified' as appropriate.
Source:D:\Souce work\NEC\Cosmed-Db\TopPos.Data\Utility\BasicRepository.cs	line:153
----------------------------------------
2016/7/29 下午 03:03:14	[Error]	[HOWHOWSONY-12WE]	Attaching an entity of type 'TopPos.Data.Entities.BAC_Menu_M' failed because another entity of the same type already has the same primary key value. This can happen when using the 'Attach' method or setting the state of an entity to 'Unchanged' or 'Modified' if any entities in the graph have conflicting key values. This may be because some entities are new and have not yet received database-generated key values. In this case use the 'Add' method or the 'Added' entity state to track the graph and then set the state of non-new entities to 'Unchanged' or 'Modified' as appropriate.
Source:D:\Souce work\NEC\Cosmed-Db\TopPos.Data\Utility\BasicRepository.cs	line:153
----------------------------------------
2016/7/29 下午 03:07:02	[Error]	[HOWHOWSONY-12WE]	Attaching an entity of type 'TopPos.Data.Entities.BAC_Menu_M' failed because another entity of the same type already has the same primary key value. This can happen when using the 'Attach' method or setting the state of an entity to 'Unchanged' or 'Modified' if any entities in the graph have conflicting key values. This may be because some entities are new and have not yet received database-generated key values. In this case use the 'Add' method or the 'Added' entity state to track the graph and then set the state of non-new entities to 'Unchanged' or 'Modified' as appropriate.
Source:D:\Souce work\NEC\Cosmed-Db\TopPos.Data\Utility\BasicRepository.cs	line:155
----------------------------------------
2016/7/29 下午 03:08:14	[Error]	[HOWHOWSONY-12WE]	Attaching an entity of type 'TopPos.Data.Entities.BAC_Menu_M' failed because another entity of the same type already has the same primary key value. This can happen when using the 'Attach' method or setting the state of an entity to 'Unchanged' or 'Modified' if any entities in the graph have conflicting key values. This may be because some entities are new and have not yet received database-generated key values. In this case use the 'Add' method or the 'Added' entity state to track the graph and then set the state of non-new entities to 'Unchanged' or 'Modified' as appropriate.
Source:D:\Souce work\NEC\Cosmed-Db\TopPos.Data\Utility\BasicRepository.cs	line:153
----------------------------------------
2016/7/29 下午 03:11:53	[Error]	[HOWHOWSONY-12WE]	Attaching an entity of type 'TopPos.Data.Entities.BAC_Menu_M' failed because another entity of the same type already has the same primary key value. This can happen when using the 'Attach' method or setting the state of an entity to 'Unchanged' or 'Modified' if any entities in the graph have conflicting key values. This may be because some entities are new and have not yet received database-generated key values. In this case use the 'Add' method or the 'Added' entity state to track the graph and then set the state of non-new entities to 'Unchanged' or 'Modified' as appropriate.
Source:D:\Souce work\NEC\Cosmed-Db\TopPos.Data\Utility\BasicRepository.cs	line:153
----------------------------------------
2016/7/29 下午 03:14:53	[Error]	[HOWHOWSONY-12WE]	Attaching an entity of type 'TopPos.Data.Entities.BAC_Menu_M' failed because another entity of the same type already has the same primary key value. This can happen when using the 'Attach' method or setting the state of an entity to 'Unchanged' or 'Modified' if any entities in the graph have conflicting key values. This may be because some entities are new and have not yet received database-generated key values. In this case use the 'Add' method or the 'Added' entity state to track the graph and then set the state of non-new entities to 'Unchanged' or 'Modified' as appropriate.
Source:D:\Souce work\NEC\Cosmed-Db\TopPos.Data\Utility\BasicRepository.cs	line:153
----------------------------------------
2016/7/29 下午 03:17:29	[Error]	[HOWHOWSONY-12WE]	Attaching an entity of type 'TopPos.Data.Entities.BAC_Menu_M' failed because another entity of the same type already has the same primary key value. This can happen when using the 'Attach' method or setting the state of an entity to 'Unchanged' or 'Modified' if any entities in the graph have conflicting key values. This may be because some entities are new and have not yet received database-generated key values. In this case use the 'Add' method or the 'Added' entity state to track the graph and then set the state of non-new entities to 'Unchanged' or 'Modified' as appropriate.
Source:D:\Souce work\NEC\Cosmed-Db\TopPos.Data\Utility\BasicRepository.cs	line:153
----------------------------------------
2016/7/29 下午 03:25:58	[Error]	[HOWHOWSONY-12WE]	並未將物件參考設定為物件的執行個體。
Source:D:\Souce work\NEC\Cosmed-Db\TopPos.Services.BAC\Services\ItemGroupService.cs	line:138
----------------------------------------
2016/7/29 下午 03:26:05	[Error]	[HOWHOWSONY-12WE]	並未將物件參考設定為物件的執行個體。
Source:D:\Souce work\NEC\Cosmed-Db\TopPos.Services.BAC\Services\ItemGroupService.cs	line:138
----------------------------------------
2016/7/29 下午 03:26:22	[Error]	[HOWHOWSONY-12WE]	並未將物件參考設定為物件的執行個體。
Source:D:\Souce work\NEC\Cosmed-Db\TopPos.Services.BAC\Services\ItemGroupService.cs	line:138
----------------------------------------
2016/7/29 下午 03:27:57	[Error]	[HOWHOWSONY-12WE]	並未將物件參考設定為物件的執行個體。
Source:D:\Souce work\NEC\Cosmed-Db\TopPos.Services.BAC\Services\ItemGroupService.cs	line:138
----------------------------------------
2016/7/29 下午 04:32:03	[Error]	[HOWHOWSONY-12WE]	並未將物件參考設定為物件的執行個體。
Source:D:\Souce work\NEC\Cosmed-Db\TopPos.Data\Utility\StoredProcedureHelper.cs	line:69
----------------------------------------
2016/7/29 下午 04:33:18	[Error]	[HOWHOWSONY-12WE]	並未將物件參考設定為物件的執行個體。
Source:D:\Souce work\NEC\Cosmed-Db\TopPos.Data\Utility\StoredProcedureHelper.cs	line:69
----------------------------------------
2016/7/29 下午 04:34:44	[Error]	[HOWHOWSONY-12WE]	並未將物件參考設定為物件的執行個體。
Source:D:\Souce work\NEC\Cosmed-Db\TopPos.Data\Utility\StoredProcedureHelper.cs	line:69
----------------------------------------
2016/7/29 下午 04:36:06	[Error]	[HOWHOWSONY-12WE]	並未將物件參考設定為物件的執行個體。
Source:D:\Souce work\NEC\Cosmed-Db\TopPos.Data\Utility\StoredProcedureHelper.cs	line:69
----------------------------------------
2016/7/29 下午 04:36:42	[Error]	[HOWHOWSONY-12WE]	並未將物件參考設定為物件的執行個體。
Source:D:\Souce work\NEC\Cosmed-Db\TopPos.Data\Utility\StoredProcedureHelper.cs	line:69
----------------------------------------
2016/7/29 下午 04:38:12	[Error]	[HOWHOWSONY-12WE]	並未將物件參考設定為物件的執行個體。
Source:D:\Souce work\NEC\Cosmed-Db\TopPos.Data\Utility\StoredProcedureHelper.cs	line:69
----------------------------------------
2016/7/29 下午 05:05:19	[Error]	[HOWHOWSONY-12WE]	並未將物件參考設定為物件的執行個體。
Source:D:\Souce work\NEC\Cosmed-Db\TopPos.Data\Utility\StoredProcedureHelper.cs	line:69
----------------------------------------
2016/7/29 下午 05:05:34	[Error]	[HOWHOWSONY-12WE]	並未將物件參考設定為物件的執行個體。
Source:D:\Souce work\NEC\Cosmed-Db\TopPos.Data\Utility\StoredProcedureHelper.cs	line:69
----------------------------------------
2016/7/29 下午 05:12:56	[Error]	[HOWHOWSONY-12WE]	並未將物件參考設定為物件的執行個體。
Source:D:\Souce work\NEC\Cosmed-Db\TopPos.Data\Utility\StoredProcedureHelper.cs	line:69
----------------------------------------
2016/7/29 下午 05:14:11	[Error]	[HOWHOWSONY-12WE]	並未將物件參考設定為物件的執行個體。
Source:D:\Souce work\NEC\Cosmed-Db\TopPos.Data\Utility\StoredProcedureHelper.cs	line:69
