----------------------------------------
2016/6/1 上午 10:14:35	[Error]	[HOWHOWSONY-12WE]	LINQ to Entities does not recognize the method 'System.DateTime AddMonths(Int32)' method, and this method cannot be translated into a store expression.
Source:D:\Souce work\NEC\Cosmed-Db\TopPos.Web\Controllers\WebUtil.cs	line:58
----------------------------------------
2016/6/1 上午 10:15:40	[Error]	[HOWHOWSONY-12WE]	LINQ to Entities does not recognize the method 'System.DateTime AddMonths(Int32)' method, and this method cannot be translated into a store expression.
Source:D:\Souce work\NEC\Cosmed-Db\TopPos.Web\Controllers\WebUtil.cs	line:58
----------------------------------------
2016/6/1 上午 10:26:25	[Error]	[HOWHOWSONY-12WE]	LINQ to Entities does not recognize the method 'System.DateTime AddMonths(Int32)' method, and this method cannot be translated into a store expression.
Source:D:\Souce work\NEC\Cosmed-Db\TopPos.Web\Controllers\WebUtil.cs	line:58
----------------------------------------
2016/6/1 上午 11:29:58	[Error]	[HOWHOWSONY-12WE]	An error occurred while updating the entries. See the inner exception for details.
Source:D:\Souce work\NEC\Cosmed-Db\TopPos.Data\Utility\DbContextProxy.cs	line:65
An error occurred while updating the entries. See the inner exception for details.
----------------------------------------
2016/6/1 上午 11:30:01	[Error]	[HOWHOWSONY-12WE]	An error occurred while updating the entries. See the inner exception for details.
Source:D:\Souce work\NEC\Cosmed-Db\TopPos.Data\Utility\DbContextProxy.cs	line:65
An error occurred while updating the entries. See the inner exception for details.
----------------------------------------
2016/6/1 上午 11:30:14	[Error]	[HOWHOWSONY-12WE]	An error occurred while updating the entries. See the inner exception for details.
Source:D:\Souce work\NEC\Cosmed-Db\TopPos.Data\Utility\DbContextProxy.cs	line:65
An error occurred while updating the entries. See the inner exception for details.
----------------------------------------
2016/6/1 上午 11:30:30	[Error]	[HOWHOWSONY-12WE]	An error occurred while updating the entries. See the inner exception for details.
Source:D:\Souce work\NEC\Cosmed-Db\TopPos.Data\Utility\DbContextProxy.cs	line:65
An error occurred while updating the entries. See the inner exception for details.
----------------------------------------
2016/6/1 上午 11:30:38	[Error]	[HOWHOWSONY-12WE]	An error occurred while updating the entries. See the inner exception for details.
Source:D:\Souce work\NEC\Cosmed-Db\TopPos.Data\Utility\DbContextProxy.cs	line:65
An error occurred while updating the entries. See the inner exception for details.
----------------------------------------
2016/6/1 上午 11:32:11	[Error]	[HOWHOWSONY-12WE]	An error occurred while updating the entries. See the inner exception for details.
Source:D:\Souce work\NEC\Cosmed-Db\TopPos.Data\Utility\DbContextProxy.cs	line:65
An error occurred while updating the entries. See the inner exception for details.
----------------------------------------
2016/6/1 上午 11:41:38	[Error]	[HOWHOWSONY-12WE]	An error occurred while updating the entries. See the inner exception for details.
Source:D:\Souce work\NEC\Cosmed-Db\TopPos.Data\Utility\DbContextProxy.cs	line:65
An error occurred while updating the entries. See the inner exception for details.
----------------------------------------
2016/6/1 上午 11:41:56	[Error]	[HOWHOWSONY-12WE]	An error occurred while updating the entries. See the inner exception for details.
Source:D:\Souce work\NEC\Cosmed-Db\TopPos.Data\Utility\DbContextProxy.cs	line:65
An error occurred while updating the entries. See the inner exception for details.
----------------------------------------
2016/6/1 上午 11:42:41	[Error]	[HOWHOWSONY-12WE]	An error occurred while updating the entries. See the inner exception for details.
Source:D:\Souce work\NEC\Cosmed-Db\TopPos.Data\Utility\DbContextProxy.cs	line:65
An error occurred while updating the entries. See the inner exception for details.
----------------------------------------
2016/6/1 上午 11:47:06	[Error]	[HOWHOWSONY-12WE]	The property 'ChValue1' is not a String or Byte array. Length can only be configured for String and Byte array properties.
Source:D:\Souce work\NEC\Cosmed-Db\TopPos.Services.BAC\Services\PermissionsService.cs	line:55
----------------------------------------
2016/6/1 上午 11:47:32	[Error]	[HOWHOWSONY-12WE]	The property 'ChValue1' is not a String or Byte array. Length can only be configured for String and Byte array properties.
Source:D:\Souce work\NEC\Cosmed-Db\TopPos.Services.BAC\Services\PermissionsService.cs	line:55
----------------------------------------
2016/6/1 上午 11:47:33	[Error]	[HOWHOWSONY-12WE]	The property 'ChValue1' is not a String or Byte array. Length can only be configured for String and Byte array properties.
Source:D:\Souce work\NEC\Cosmed-Db\TopPos.Services.BAC\Services\PermissionsService.cs	line:55
----------------------------------------
2016/6/1 上午 11:47:41	[Error]	[HOWHOWSONY-12WE]	The property 'ChValue1' is not a String or Byte array. Length can only be configured for String and Byte array properties.
Source:D:\Souce work\NEC\Cosmed-Db\TopPos.Services.BAC\Services\PermissionsService.cs	line:55
----------------------------------------
2016/6/1 上午 11:47:41	[Error]	[HOWHOWSONY-12WE]	The property 'ChValue1' is not a String or Byte array. Length can only be configured for String and Byte array properties.
Source:D:\Souce work\NEC\Cosmed-Db\TopPos.Services.BAC\Services\PermissionsService.cs	line:55
----------------------------------------
2016/6/1 上午 11:47:44	[Error]	[HOWHOWSONY-12WE]	The property 'ChValue1' is not a String or Byte array. Length can only be configured for String and Byte array properties.
Source:D:\Souce work\NEC\Cosmed-Db\TopPos.Services.BAC\Services\PermissionsService.cs	line:55
