----------------------------------------
2016/8/2 下午 03:58:03	[Error]	[HOWHOWSONY-12WE]	An error occurred while executing the command definition. See the inner exception for details.
Source:D:\Souce work\NEC\Cosmed-Db\TopPos.Web\Controllers\WebUtil.cs	line:58
An error occurred while executing the command definition. See the inner exception for details.
----------------------------------------
2016/8/2 下午 04:02:40	[Error]	[HOWHOWSONY-12WE]	值不能為 null。
參數名稱: entity
Source:D:\Souce work\NEC\Cosmed-Db\TopPos.Data\Utility\BasicRepository.cs	line:197
----------------------------------------
2016/8/3 上午 11:14:09	[Error]	[HOWHOWSONY-12WE]	找不到路徑 '\\10.2.126.166\Cos3G-MltMda\LocalUser\MltMda\SCXLSDataImport\EXCEL匯入範本_門市業績目標.xlsx' 的一部分。
Source:D:\Souce work\NEC\Cosmed-Db\TopPos.Web\Areas\SIF\Controllers\SCXLSDataImportController.cs	line:45
----------------------------------------
2016/8/3 下午 01:34:57	[Error]	[HOWHOWSONY-12WE]	An error occurred while updating the entries. See the inner exception for details.
Source:D:\Souce work\NEC\Cosmed-Db\TopPos.Data\Utility\DbContextProxy.cs	line:65
An error occurred while updating the entries. See the inner exception for details.
----------------------------------------
2016/8/3 下午 02:08:07	[Error]	[HOWHOWSONY-12WE]	An error occurred while updating the entries. See the inner exception for details.
Source:D:\Souce work\NEC\Cosmed-Db\TopPos.Data\Utility\DbContextProxy.cs	line:65
An error occurred while updating the entries. See the inner exception for details.
----------------------------------------
2016/8/3 下午 02:08:26	[Error]	[HOWHOWSONY-12WE]	An error occurred while updating the entries. See the inner exception for details.
Source:D:\Souce work\NEC\Cosmed-Db\TopPos.Data\Utility\DbContextProxy.cs	line:65
An error occurred while updating the entries. See the inner exception for details.
----------------------------------------
2016/8/3 下午 02:13:48	[Error]	[HOWHOWSONY-12WE]	An error occurred while updating the entries. See the inner exception for details.
Source:D:\Souce work\NEC\Cosmed-Db\TopPos.Data\Utility\DbContextProxy.cs	line:65
An error occurred while updating the entries. See the inner exception for details.
----------------------------------------
2016/8/3 下午 02:14:24	[Error]	[HOWHOWSONY-12WE]	An error occurred while updating the entries. See the inner exception for details.
Source:D:\Souce work\NEC\Cosmed-Db\TopPos.Data\Utility\DbContextProxy.cs	line:65
An error occurred while updating the entries. See the inner exception for details.
----------------------------------------
2016/8/3 下午 02:16:53	[Error]	[HOWHOWSONY-12WE]	An error occurred while updating the entries. See the inner exception for details.
Source:D:\Souce work\NEC\Cosmed-Db\TopPos.Data\Utility\DbContextProxy.cs	line:65
An error occurred while updating the entries. See the inner exception for details.
----------------------------------------
2016/8/3 下午 02:20:20	[Error]	[HOWHOWSONY-12WE]	An error occurred while updating the entries. See the inner exception for details.
Source:D:\Souce work\NEC\Cosmed-Db\TopPos.Data\Utility\DbContextProxy.cs	line:65
An error occurred while updating the entries. See the inner exception for details.
----------------------------------------
2016/8/3 下午 02:20:50	[Error]	[HOWHOWSONY-12WE]	An error occurred while updating the entries. See the inner exception for details.
Source:D:\Souce work\NEC\Cosmed-Db\TopPos.Data\Utility\DbContextProxy.cs	line:65
An error occurred while updating the entries. See the inner exception for details.
