----------------------------------------
2016/5/12 上午 10:17:05	[Error]	[HOWHOWSONY-12WE]	An error occurred while executing the command definition. See the inner exception for details.
Source:D:\Souce work\NEC\Cosmed-Db\TopPos.Web\Controllers\WebUtil.cs	line:58
An error occurred while executing the command definition. See the inner exception for details.
----------------------------------------
2016/5/12 上午 10:17:05	[Error]	[HOWHOWSONY-12WE]	An error occurred while executing the command definition. See the inner exception for details.
Source:D:\Souce work\NEC\Cosmed-Db\TopPos.Web\Controllers\WebUtil.cs	line:58
An error occurred while executing the command definition. See the inner exception for details.
----------------------------------------
2016/5/12 上午 10:51:36	[Error]	[HOWHOWSONY-12WE]	One or more validation errors were detected during model generation:

TopPos.Data.Entities.VN_BAC_StoreDevice_D: : EntityType 'VN_BAC_StoreDevice_D' has no key defined. Define the key for this EntityType.
VN_BAC_StoreDevice_D: EntityType: EntitySet 'VN_BAC_StoreDevice_D' is based on type 'VN_BAC_StoreDevice_D' that has no keys defined.

Source:D:\Souce work\NEC\Cosmed-Db\TopPos.Services.BAC\Services\PermissionsService.cs	line:54
----------------------------------------
2016/5/12 上午 10:51:59	[Error]	[HOWHOWSONY-12WE]	One or more validation errors were detected during model generation:

TopPos.Data.Entities.VN_BAC_StoreDevice_D: : EntityType 'VN_BAC_StoreDevice_D' has no key defined. Define the key for this EntityType.
VN_BAC_StoreDevice_D: EntityType: EntitySet 'VN_BAC_StoreDevice_D' is based on type 'VN_BAC_StoreDevice_D' that has no keys defined.

Source:D:\Souce work\NEC\Cosmed-Db\TopPos.Services.BAC\Services\PermissionsService.cs	line:54
----------------------------------------
2016/5/12 上午 10:54:36	[Error]	[HOWHOWSONY-12WE]	One or more validation errors were detected during model generation:

TopPos.Data.Entities.VN_BAC_StoreDevice_D: : EntityType 'VN_BAC_StoreDevice_D' has no key defined. Define the key for this EntityType.
VN_BAC_StoreDevice_D: EntityType: EntitySet 'VN_BAC_StoreDevice_D' is based on type 'VN_BAC_StoreDevice_D' that has no keys defined.

Source:D:\Souce work\NEC\Cosmed-Db\TopPos.Services.BAC\Services\PermissionsService.cs	line:54
----------------------------------------
2016/5/12 上午 10:55:38	[Error]	[HOWHOWSONY-12WE]	One or more validation errors were detected during model generation:

TopPos.Data.Entities.VN_BAC_StoreDevice_D: : EntityType 'VN_BAC_StoreDevice_D' has no key defined. Define the key for this EntityType.
VN_BAC_StoreDevice_D: EntityType: EntitySet 'VN_BAC_StoreDevice_D' is based on type 'VN_BAC_StoreDevice_D' that has no keys defined.

Source:D:\Souce work\NEC\Cosmed-Db\TopPos.Services.BAC\Services\PermissionsService.cs	line:54
----------------------------------------
2016/5/12 上午 11:14:00	[Error]	[HOWHOWSONY-12WE]	An error occurred while executing the command definition. See the inner exception for details.
Source:D:\Souce work\NEC\Cosmed-Db\TopPos.Web\Controllers\WebUtil.cs	line:58
An error occurred while executing the command definition. See the inner exception for details.
----------------------------------------
2016/5/12 上午 11:14:29	[Error]	[HOWHOWSONY-12WE]	An error occurred while executing the command definition. See the inner exception for details.
Source:D:\Souce work\NEC\Cosmed-Db\TopPos.Web\Controllers\WebUtil.cs	line:58
An error occurred while executing the command definition. See the inner exception for details.
----------------------------------------
2016/5/12 下午 01:49:25	[Error]	[HOWHOWSONY-12WE]	An error occurred while updating the entries. See the inner exception for details.
Source:D:\Souce work\NEC\Cosmed-Db\TopPos.Data\Utility\DbContextProxy.cs	line:52
An error occurred while updating the entries. See the inner exception for details.
----------------------------------------
2016/5/12 下午 01:50:16	[Error]	[HOWHOWSONY-12WE]	An error occurred while updating the entries. See the inner exception for details.
Source:D:\Souce work\NEC\Cosmed-Db\TopPos.Data\Utility\DbContextProxy.cs	line:52
An error occurred while updating the entries. See the inner exception for details.
----------------------------------------
2016/5/12 下午 01:52:32	[Error]	[HOWHOWSONY-12WE]	並未將物件參考設定為物件的執行個體。
Source:D:\Souce work\NEC\Cosmed-Db\TopPos.Web\Areas\BAC\Controllers\SCStoreDeviceController.cs	line:83
----------------------------------------
2016/5/12 下午 01:54:28	[Error]	[HOWHOWSONY-12WE]	並未將物件參考設定為物件的執行個體。
Source:D:\Souce work\NEC\Cosmed-Db\TopPos.Web\Areas\BAC\Controllers\SCStoreDeviceController.cs	line:83
----------------------------------------
2016/5/12 下午 02:00:11	[Error]	[HOWHOWSONY-12WE]	並未將物件參考設定為物件的執行個體。
Source:D:\Souce work\NEC\Cosmed-Db\TopPos.Web\Areas\BAC\Controllers\SCStoreDeviceController.cs	line:85
----------------------------------------
2016/5/12 下午 02:01:27	[Error]	[HOWHOWSONY-12WE]	並未將物件參考設定為物件的執行個體。
Source:D:\Souce work\NEC\Cosmed-Db\TopPos.Web\Areas\BAC\Controllers\SCStoreDeviceController.cs	line:85
----------------------------------------
2016/5/12 下午 02:01:41	[Error]	[HOWHOWSONY-12WE]	並未將物件參考設定為物件的執行個體。
Source:D:\Souce work\NEC\Cosmed-Db\TopPos.Web\Areas\BAC\Controllers\SCStoreDeviceController.cs	line:85
----------------------------------------
2016/5/12 下午 02:02:27	[Error]	[HOWHOWSONY-12WE]	並未將物件參考設定為物件的執行個體。
Source:D:\Souce work\NEC\Cosmed-Db\TopPos.Web\Areas\BAC\Controllers\SCStoreDeviceController.cs	line:85
----------------------------------------
2016/5/12 下午 02:02:55	[Error]	[HOWHOWSONY-12WE]	並未將物件參考設定為物件的執行個體。
Source:D:\Souce work\NEC\Cosmed-Db\TopPos.Web\Areas\BAC\Controllers\SCStoreDeviceController.cs	line:85
----------------------------------------
2016/5/12 下午 02:04:10	[Error]	[HOWHOWSONY-12WE]	並未將物件參考設定為物件的執行個體。
Source:D:\Souce work\NEC\Cosmed-Db\TopPos.Web\Areas\BAC\Controllers\SCStoreDeviceController.cs	line:85
----------------------------------------
2016/5/12 下午 02:05:55	[Error]	[HOWHOWSONY-12WE]	並未將物件參考設定為物件的執行個體。
Source:D:\Souce work\NEC\Cosmed-Db\TopPos.Web\Areas\BAC\Controllers\SCStoreDeviceController.cs	line:85
----------------------------------------
2016/5/12 下午 02:12:16	[Error]	[HOWHOWSONY-12WE]	並未將物件參考設定為物件的執行個體。
Source:D:\Souce work\NEC\Cosmed-Db\TopPos.Web\Areas\BAC\Controllers\SCStoreDeviceController.cs	line:86
----------------------------------------
2016/5/12 下午 02:13:02	[Error]	[HOWHOWSONY-12WE]	並未將物件參考設定為物件的執行個體。
Source:D:\Souce work\NEC\Cosmed-Db\TopPos.Web\Areas\BAC\Controllers\SCStoreDeviceController.cs	line:86
----------------------------------------
2016/5/12 下午 02:14:19	[Error]	[HOWHOWSONY-12WE]	並未將物件參考設定為物件的執行個體。
Source:D:\Souce work\NEC\Cosmed-Db\TopPos.Web\Areas\BAC\Controllers\SCStoreDeviceController.cs	line:86
----------------------------------------
2016/5/12 下午 02:16:03	[Error]	[HOWHOWSONY-12WE]	並未將物件參考設定為物件的執行個體。
Source:D:\Souce work\NEC\Cosmed-Db\TopPos.Web\Areas\BAC\Controllers\SCStoreDeviceController.cs	line:86
----------------------------------------
2016/5/12 下午 02:19:01	[Error]	[HOWHOWSONY-12WE]	並未將物件參考設定為物件的執行個體。
Source:D:\Souce work\NEC\Cosmed-Db\TopPos.Web\Areas\BAC\Controllers\SCStoreDeviceController.cs	line:86
----------------------------------------
2016/5/12 下午 02:25:48	[Error]	[HOWHOWSONY-12WE]	An error occurred while updating the entries. See the inner exception for details.
Source:D:\Souce work\NEC\Cosmed-Db\TopPos.Data\Utility\DbContextProxy.cs	line:52
An error occurred while updating the entries. See the inner exception for details.
----------------------------------------
2016/5/12 下午 02:30:26	[Error]	[HOWHOWSONY-12WE]	An error occurred while updating the entries. See the inner exception for details.
Source:D:\Souce work\NEC\Cosmed-Db\TopPos.Data\Utility\DbContextProxy.cs	line:52
An error occurred while updating the entries. See the inner exception for details.
----------------------------------------
2016/5/12 下午 02:30:35	[Error]	[HOWHOWSONY-12WE]	An error occurred while updating the entries. See the inner exception for details.
Source:D:\Souce work\NEC\Cosmed-Db\TopPos.Data\Utility\DbContextProxy.cs	line:52
An error occurred while updating the entries. See the inner exception for details.
----------------------------------------
2016/5/12 下午 02:34:27	[Error]	[HOWHOWSONY-12WE]	An error occurred while updating the entries. See the inner exception for details.
Source:D:\Souce work\NEC\Cosmed-Db\TopPos.Data\Utility\DbContextProxy.cs	line:52
An error occurred while updating the entries. See the inner exception for details.
----------------------------------------
2016/5/12 下午 03:49:29	[Error]	[HOWHOWSONY-12WE]	The cast to value type 'System.Decimal' failed because the materialized value is null. Either the result type's generic parameter or the query must use a nullable type.
Source:D:\Souce work\NEC\Cosmed-Db\TopPos.Web\Controllers\WebUtil.cs	line:58
----------------------------------------
2016/5/12 下午 03:49:55	[Error]	[HOWHOWSONY-12WE]	The cast to value type 'System.Decimal' failed because the materialized value is null. Either the result type's generic parameter or the query must use a nullable type.
Source:D:\Souce work\NEC\Cosmed-Db\TopPos.Web\Controllers\WebUtil.cs	line:58
----------------------------------------
2016/5/12 下午 03:51:30	[Error]	[HOWHOWSONY-12WE]	The specified type member 'DeviceFlag' is not supported in LINQ to Entities. Only initializers, entity members, and entity navigation properties are supported.
Source:D:\Souce work\NEC\Cosmed-Db\TopPos.Web\Controllers\WebUtil.cs	line:58
----------------------------------------
2016/5/12 下午 03:52:24	[Error]	[HOWHOWSONY-12WE]	The cast to value type 'System.Decimal' failed because the materialized value is null. Either the result type's generic parameter or the query must use a nullable type.
Source:D:\Souce work\NEC\Cosmed-Db\TopPos.Web\Controllers\WebUtil.cs	line:58
----------------------------------------
2016/5/12 下午 03:56:04	[Error]	[HOWHOWSONY-12WE]	The cast to value type 'System.DateTime' failed because the materialized value is null. Either the result type's generic parameter or the query must use a nullable type.
Source:D:\Souce work\NEC\Cosmed-Db\TopPos.Web\Controllers\WebUtil.cs	line:58
----------------------------------------
2016/5/13 上午 10:11:51	[Error]	[HOWHOWSONY-12WE]	LINQ to Entities does not recognize the method 'System.Linq.IQueryable`1[<>f__AnonymousType17`35[System.Int32,System.String,System.String,System.String,System.String,System.String,System.String,System.String,System.String,System.String,System.String,System.String,System.String,System.String,System.String,System.String,System.String,System.String,System.String,System.String,System.String,System.String,System.String,System.String,System.String,System.String,System.String,System.String,System.String,System.String,System.String,System.String,System.String,System.String,System.String]] Select[SCStoreDeviceExcel,<>f__AnonymousType17`35](System.Linq.IQueryable`1[TopPos.Data.DTOs.BAC.SCStoreDevice.SCStoreDeviceExcel], System.Linq.Expressions.Expression`1[System.Func`3[TopPos.Data.DTOs.BAC.SCStoreDevice.SCStoreDeviceExcel,System.Int32,<>f__AnonymousType17`35[System.Int32,System.String,System.String,System.String,System.String,System.String,System.String,System.String,System.String,System.String,System.String,System.String,System.String,System.String,System.String,System.String,System.String,System.String,System.String,System.String,System.String,System.String,System.String,System.String,System.String,System.String,System.String,System.String,System.String,System.String,System.String,System.String,System.String,System.String,System.String]]])' method, and this method cannot be translated into a store expression.
Source:D:\Souce work\NEC\Cosmed-Db\TopPos.Web\Infrastructure\Common\ExcelUtility.cs	line:24
