----------------------------------------
2016/5/13 下午 01:22:25	[Error]	[HOWHOWSONY-12WE]	沒有將 String 參考設定為 String 的執行個體。
參數名稱: s
Source:D:\Souce work\NEC\Cosmed-Db\TopPos.Services.BAC\Services\SCStoreDeviceService.cs	line:226
----------------------------------------
2016/5/13 下午 01:23:24	[Error]	[HOWHOWSONY-12WE]	沒有將 String 參考設定為 String 的執行個體。
參數名稱: s
Source:D:\Souce work\NEC\Cosmed-Db\TopPos.Services.BAC\Services\SCStoreDeviceService.cs	line:226
----------------------------------------
2016/5/13 下午 01:24:34	[Error]	[HOWHOWSONY-12WE]	沒有將 String 參考設定為 String 的執行個體。
參數名稱: s
Source:D:\Souce work\NEC\Cosmed-Db\TopPos.Services.BAC\Services\SCStoreDeviceService.cs	line:226
----------------------------------------
2016/5/13 下午 01:25:04	[Error]	[HOWHOWSONY-12WE]	沒有將 String 參考設定為 String 的執行個體。
參數名稱: s
Source:D:\Souce work\NEC\Cosmed-Db\TopPos.Services.BAC\Services\SCStoreDeviceService.cs	line:226
----------------------------------------
2016/5/13 下午 01:25:18	[Error]	[HOWHOWSONY-12WE]	沒有將 String 參考設定為 String 的執行個體。
參數名稱: s
Source:D:\Souce work\NEC\Cosmed-Db\TopPos.Services.BAC\Services\SCStoreDeviceService.cs	line:226
----------------------------------------
2016/5/13 下午 01:25:48	[Error]	[HOWHOWSONY-12WE]	並未將物件參考設定為物件的執行個體。
Source:D:\Souce work\NEC\Cosmed-Db\TopPos.Web\Controllers\PermissionsController.cs	line:83
----------------------------------------
2016/5/13 下午 01:26:20	[Error]	[HOWHOWSONY-12WE]	沒有將 String 參考設定為 String 的執行個體。
參數名稱: s
Source:D:\Souce work\NEC\Cosmed-Db\TopPos.Services.BAC\Services\SCStoreDeviceService.cs	line:226
----------------------------------------
2016/5/13 下午 01:27:26	[Error]	[HOWHOWSONY-12WE]	沒有將 String 參考設定為 String 的執行個體。
參數名稱: s
Source:D:\Souce work\NEC\Cosmed-Db\TopPos.Services.BAC\Services\SCStoreDeviceService.cs	line:226
----------------------------------------
2016/5/13 下午 02:09:54	[Error]	[HOWHOWSONY-12WE]	沒有將 String 參考設定為 String 的執行個體。
參數名稱: s
Source:D:\Souce work\NEC\Cosmed-Db\TopPos.Services.BAC\Services\SCStoreDeviceService.cs	line:226
----------------------------------------
2016/5/13 下午 02:12:04	[Error]	[HOWHOWSONY-12WE]	Validation failed for one or more entities. See 'EntityValidationErrors' property for more details.
Source:D:\Souce work\NEC\Cosmed-Db\TopPos.Data\Utility\DbContextProxy.cs	line:52
Entity of type "BAC_StoreDevice_M" in state "Modified" has the following validation errors:
- DeviceDateE : 欄位 生效結束時間 必須是最大長度為 10 的字串。
----------------------------------------
2016/5/13 下午 02:13:05	[Error]	[HOWHOWSONY-12WE]	Validation failed for one or more entities. See 'EntityValidationErrors' property for more details.
Source:D:\Souce work\NEC\Cosmed-Db\TopPos.Data\Utility\DbContextProxy.cs	line:52
Entity of type "BAC_StoreDevice_M" in state "Modified" has the following validation errors:
- DeviceDateE : 欄位 生效結束時間 必須是最大長度為 10 的字串。
----------------------------------------
2016/5/13 下午 02:15:14	[Error]	[HOWHOWSONY-12WE]	Validation failed for one or more entities. See 'EntityValidationErrors' property for more details.
Source:D:\Souce work\NEC\Cosmed-Db\TopPos.Data\Utility\DbContextProxy.cs	line:52
Entity of type "BAC_StoreDevice_M" in state "Modified" has the following validation errors:
- DeviceDateE : 欄位 生效結束時間 必須是最大長度為 10 的字串。
----------------------------------------
2016/5/13 下午 02:21:42	[Error]	[HOWHOWSONY-12WE]	An error occurred while updating the entries. See the inner exception for details.
Source:D:\Souce work\NEC\Cosmed-Db\TopPos.Data\Utility\DbContextProxy.cs	line:52
An error occurred while updating the entries. See the inner exception for details.
----------------------------------------
2016/5/13 下午 02:32:14	[Error]	[HOWHOWSONY-12WE]	並未將物件參考設定為物件的執行個體。
Source:D:\Souce work\NEC\Cosmed-Db\TopPos.Web\Controllers\PermissionsController.cs	line:83
----------------------------------------
2016/5/13 下午 04:02:52	[Error]	[HOWHOWSONY-12WE]	並未將物件參考設定為物件的執行個體。
Source:D:\Souce work\NEC\Cosmed-Db\TopPos.Services.BAC\Services\SCStoreDeviceService.cs	line:287
----------------------------------------
2016/5/13 下午 04:04:30	[Error]	[HOWHOWSONY-12WE]	並未將物件參考設定為物件的執行個體。
Source:D:\Souce work\NEC\Cosmed-Db\TopPos.Services.BAC\Services\SCStoreDeviceService.cs	line:287
----------------------------------------
2016/5/13 下午 04:05:32	[Error]	[HOWHOWSONY-12WE]	並未將物件參考設定為物件的執行個體。
Source:D:\Souce work\NEC\Cosmed-Db\TopPos.Services.BAC\Services\SCStoreDeviceService.cs	line:287
----------------------------------------
2016/5/13 下午 04:06:04	[Error]	[HOWHOWSONY-12WE]	並未將物件參考設定為物件的執行個體。
Source:D:\Souce work\NEC\Cosmed-Db\TopPos.Services.BAC\Services\SCStoreDeviceService.cs	line:292
----------------------------------------
2016/5/13 下午 04:20:55	[Error]	[HOWHOWSONY-12WE]	並未將物件參考設定為物件的執行個體。
Source:D:\Souce work\NEC\Cosmed-Db\TopPos.Services.BAC\Services\SCStoreDeviceService.cs	line:240
----------------------------------------
2016/5/13 下午 04:22:42	[Error]	[HOWHOWSONY-12WE]	並未將物件參考設定為物件的執行個體。
Source:D:\Souce work\NEC\Cosmed-Db\TopPos.Services.BAC\Services\SCStoreDeviceService.cs	line:257
----------------------------------------
2016/5/13 下午 04:23:07	[Error]	[HOWHOWSONY-12WE]	並未將物件參考設定為物件的執行個體。
Source:D:\Souce work\NEC\Cosmed-Db\TopPos.Services.BAC\Services\SCStoreDeviceService.cs	line:257
----------------------------------------
2016/5/13 下午 04:30:07	[Error]	[HOWHOWSONY-12WE]	並未將物件參考設定為物件的執行個體。
Source:D:\Souce work\NEC\Cosmed-Db\TopPos.Services.BAC\Services\SCStoreDeviceService.cs	line:242
----------------------------------------
2016/5/13 下午 05:14:26	[Error]	[HOWHOWSONY-12WE]	並未將物件參考設定為物件的執行個體。
Source:D:\Souce work\NEC\Cosmed-Db\TopPos.Services.BAC\Services\SCStoreDeviceService.cs	line:278
