----------------------------------------
2016/7/26 下午 05:37:35	[Error]	[HOWHOWSONY-12WE]	Validation failed for one or more entities. See 'EntityValidationErrors' property for more details.
Source:D:\Souce work\NEC\Cosmed-Db\TopPos.Data\Utility\DbContextProxy.cs	line:65
Entity of type "SIF_XLSImportRecord_M" in state "Added" has the following validation errors:
- XLSImportType : 欄位 資料匯入類型 必須是最大長度為 1 的字串。
- ImportStatus : 欄位 匯入型態 必須是最大長度為 1 的字串。
----------------------------------------
2016/7/26 下午 05:49:27	[Error]	[HOWHOWSONY-12WE]	並未將物件參考設定為物件的執行個體。
Source:D:\Souce work\NEC\Cosmed-Db\TopPos.Data\Utility\BasicRepository.cs	line:208
----------------------------------------
2016/7/27 上午 10:44:50	[Error]	[HOWHOWSONY-12WE]	An error occurred while updating the entries. See the inner exception for details.
Source:D:\Souce work\NEC\Cosmed-Db\TopPos.Data\Utility\DbContextProxy.cs	line:65
An error occurred while updating the entries. See the inner exception for details.
----------------------------------------
2016/7/27 上午 11:13:42	[Error]	[HOWHOWSONY-12WE]	Attaching an entity of type 'TopPos.Data.Entities.SIF_StoreItemTarget' failed because another entity of the same type already has the same primary key value. This can happen when using the 'Attach' method or setting the state of an entity to 'Unchanged' or 'Modified' if any entities in the graph have conflicting key values. This may be because some entities are new and have not yet received database-generated key values. In this case use the 'Add' method or the 'Added' entity state to track the graph and then set the state of non-new entities to 'Unchanged' or 'Modified' as appropriate.
Source:D:\Souce work\NEC\Cosmed-Db\TopPos.Data\Utility\BasicRepository.cs	line:153
----------------------------------------
2016/7/27 上午 11:14:31	[Error]	[HOWHOWSONY-12WE]	Attaching an entity of type 'TopPos.Data.Entities.SIF_StoreItemTarget' failed because another entity of the same type already has the same primary key value. This can happen when using the 'Attach' method or setting the state of an entity to 'Unchanged' or 'Modified' if any entities in the graph have conflicting key values. This may be because some entities are new and have not yet received database-generated key values. In this case use the 'Add' method or the 'Added' entity state to track the graph and then set the state of non-new entities to 'Unchanged' or 'Modified' as appropriate.
Source:D:\Souce work\NEC\Cosmed-Db\TopPos.Data\Utility\BasicRepository.cs	line:153
----------------------------------------
2016/7/27 上午 11:17:04	[Error]	[HOWHOWSONY-12WE]	Attaching an entity of type 'TopPos.Data.Entities.SIF_StoreItemTarget' failed because another entity of the same type already has the same primary key value. This can happen when using the 'Attach' method or setting the state of an entity to 'Unchanged' or 'Modified' if any entities in the graph have conflicting key values. This may be because some entities are new and have not yet received database-generated key values. In this case use the 'Add' method or the 'Added' entity state to track the graph and then set the state of non-new entities to 'Unchanged' or 'Modified' as appropriate.
Source:D:\Souce work\NEC\Cosmed-Db\TopPos.Data\Utility\BasicRepository.cs	line:153
----------------------------------------
2016/7/27 上午 11:31:40	[Error]	[HOWHOWSONY-12WE]	Attaching an entity of type 'TopPos.Data.Entities.SIF_DayExponent' failed because another entity of the same type already has the same primary key value. This can happen when using the 'Attach' method or setting the state of an entity to 'Unchanged' or 'Modified' if any entities in the graph have conflicting key values. This may be because some entities are new and have not yet received database-generated key values. In this case use the 'Add' method or the 'Added' entity state to track the graph and then set the state of non-new entities to 'Unchanged' or 'Modified' as appropriate.
Source:D:\Souce work\NEC\Cosmed-Db\TopPos.Data\Utility\BasicRepository.cs	line:153
----------------------------------------
2016/7/27 上午 11:31:46	[Error]	[HOWHOWSONY-12WE]	Attaching an entity of type 'TopPos.Data.Entities.SIF_DayExponent' failed because another entity of the same type already has the same primary key value. This can happen when using the 'Attach' method or setting the state of an entity to 'Unchanged' or 'Modified' if any entities in the graph have conflicting key values. This may be because some entities are new and have not yet received database-generated key values. In this case use the 'Add' method or the 'Added' entity state to track the graph and then set the state of non-new entities to 'Unchanged' or 'Modified' as appropriate.
Source:D:\Souce work\NEC\Cosmed-Db\TopPos.Data\Utility\BasicRepository.cs	line:153
----------------------------------------
2016/7/27 上午 11:31:58	[Error]	[HOWHOWSONY-12WE]	Attaching an entity of type 'TopPos.Data.Entities.SIF_DayExponent' failed because another entity of the same type already has the same primary key value. This can happen when using the 'Attach' method or setting the state of an entity to 'Unchanged' or 'Modified' if any entities in the graph have conflicting key values. This may be because some entities are new and have not yet received database-generated key values. In this case use the 'Add' method or the 'Added' entity state to track the graph and then set the state of non-new entities to 'Unchanged' or 'Modified' as appropriate.
Source:D:\Souce work\NEC\Cosmed-Db\TopPos.Data\Utility\BasicRepository.cs	line:153
----------------------------------------
2016/7/27 上午 11:32:34	[Error]	[HOWHOWSONY-12WE]	Attaching an entity of type 'TopPos.Data.Entities.SIF_DayExponent' failed because another entity of the same type already has the same primary key value. This can happen when using the 'Attach' method or setting the state of an entity to 'Unchanged' or 'Modified' if any entities in the graph have conflicting key values. This may be because some entities are new and have not yet received database-generated key values. In this case use the 'Add' method or the 'Added' entity state to track the graph and then set the state of non-new entities to 'Unchanged' or 'Modified' as appropriate.
Source:D:\Souce work\NEC\Cosmed-Db\TopPos.Data\Utility\BasicRepository.cs	line:153
----------------------------------------
2016/7/27 下午 01:05:56	[Error]	[HOWHOWSONY-12WE]	An error occurred while executing the command definition. See the inner exception for details.
Source:D:\Souce work\NEC\Cosmed-Db\TopPos.Services.BAC\Services\SysJobLogService.cs	line:79
An error occurred while executing the command definition. See the inner exception for details.
----------------------------------------
2016/7/27 下午 01:06:08	[Error]	[HOWHOWSONY-12WE]	An error occurred while executing the command definition. See the inner exception for details.
Source:D:\Souce work\NEC\Cosmed-Db\TopPos.Services.BAC\Services\SysJobLogService.cs	line:79
An error occurred while executing the command definition. See the inner exception for details.
----------------------------------------
2016/7/27 下午 01:07:47	[Error]	[HOWHOWSONY-12WE]	An error occurred while executing the command definition. See the inner exception for details.
Source:D:\Souce work\NEC\Cosmed-Db\TopPos.Services.BAC\Services\SysJobLogService.cs	line:79
An error occurred while executing the command definition. See the inner exception for details.
----------------------------------------
2016/7/27 下午 01:10:45	[Error]	[HOWHOWSONY-12WE]	The entity type V_BAC_JobLogAll is not part of the model for the current context.
Source:D:\Souce work\NEC\Cosmed-Db\TopPos.Services.BAC\Services\SysJobLogService.cs	line:30
----------------------------------------
2016/7/27 下午 01:11:47	[Error]	[HOWHOWSONY-12WE]	The entity type V_BAC_JobLogAll is not part of the model for the current context.
Source:D:\Souce work\NEC\Cosmed-Db\TopPos.Services.BAC\Services\SysJobLogService.cs	line:30
----------------------------------------
2016/7/27 下午 01:12:37	[Error]	[HOWHOWSONY-12WE]	The specified LINQ expression contains references to queries that are associated with different contexts.
Source:D:\Souce work\NEC\Cosmed-Db\TopPos.Services.BAC\Services\SysJobLogService.cs	line:79
----------------------------------------
2016/7/27 下午 01:18:56	[Error]	[HOWHOWSONY-12WE]	An error occurred while executing the command definition. See the inner exception for details.
Source:D:\Souce work\NEC\Cosmed-Db\TopPos.Services.BAC\Services\SysJobLogService.cs	line:79
An error occurred while executing the command definition. See the inner exception for details.
----------------------------------------
2016/7/27 下午 01:56:09	[Error]	[HOWHOWSONY-12WE]	索引超出範圍。必須為非負數且小於集合的大小。
參數名稱: index
Source:D:\Souce work\NEC\Cosmed-Db\TopPos.Web\Areas\SIF\Controllers\SCXLSDataImportController.cs	line:106
----------------------------------------
2016/7/27 下午 01:58:23	[Error]	[HOWHOWSONY-12WE]	索引超出範圍。必須為非負數且小於集合的大小。
參數名稱: index
Source:D:\Souce work\NEC\Cosmed-Db\TopPos.Web\Areas\SIF\Controllers\SCXLSDataImportController.cs	line:106
