----------------------------------------
2016/5/16 上午 10:32:28	[Error]	[HOWHOWSONY-12WE]	遺漏字元字串 '1

                    select * from #aa order by CatID' 後面的引號。
接近 '1

                    select * from #aa order by CatID' 之處的語法不正確。
Source:D:\Souce work\NEC\Cosmed-Db\TopPos.Web\Areas\BAC\Controllers\CategoryController.cs	line:283
----------------------------------------
2016/5/16 上午 10:57:17	[Error]	[HOWHOWSONY-12WE]	計數必須為正且計數必須參考字串/陣列/集合中的位置。
參數名稱: count
Source:D:\Souce work\NEC\Cosmed-Db\TopPos.Data\Utility\DbContextProxy.cs	line:37
----------------------------------------
2016/5/16 上午 10:57:17	[Error]	[HOWHOWSONY-12WE]	索引在陣列的界限之外。
Source:D:\Souce work\NEC\Cosmed-Db\TopPos.Data\Utility\DbContextProxy.cs	line:28
----------------------------------------
2016/5/16 上午 10:57:17	[Error]	[HOWHOWSONY-12WE]	計數必須為正且計數必須參考字串/陣列/集合中的位置。
參數名稱: count
Source:D:\Souce work\NEC\Cosmed-Db\TopPos.Data\Utility\DbContextProxy.cs	line:37
----------------------------------------
2016/5/16 上午 10:57:17	[Error]	[HOWHOWSONY-12WE]	計數必須為正且計數必須參考字串/陣列/集合中的位置。
參數名稱: count
Source:D:\Souce work\NEC\Cosmed-Db\TopPos.Data\Utility\DbContextProxy.cs	line:37
----------------------------------------
2016/5/16 上午 10:57:17	[Error]	[HOWHOWSONY-12WE]	計數必須為正且計數必須參考字串/陣列/集合中的位置。
參數名稱: count
Source:D:\Souce work\NEC\Cosmed-Db\TopPos.Data\Utility\DbContextProxy.cs	line:37
----------------------------------------
2016/5/16 上午 10:57:17	[Error]	[HOWHOWSONY-12WE]	計數必須為正且計數必須參考字串/陣列/集合中的位置。
參數名稱: count
Source:D:\Souce work\NEC\Cosmed-Db\TopPos.Data\Utility\DbContextProxy.cs	line:37
----------------------------------------
2016/5/16 上午 10:57:17	[Error]	[HOWHOWSONY-12WE]	計數必須為正且計數必須參考字串/陣列/集合中的位置。
參數名稱: count
Source:D:\Souce work\NEC\Cosmed-Db\TopPos.Data\Utility\DbContextProxy.cs	line:37
----------------------------------------
2016/5/16 上午 10:57:17	[Error]	[HOWHOWSONY-12WE]	計數必須為正且計數必須參考字串/陣列/集合中的位置。
參數名稱: count
Source:D:\Souce work\NEC\Cosmed-Db\TopPos.Data\Utility\DbContextProxy.cs	line:37
----------------------------------------
2016/5/16 上午 10:57:25	[Error]	[HOWHOWSONY-12WE]	計數必須為正且計數必須參考字串/陣列/集合中的位置。
參數名稱: count
Source:D:\Souce work\NEC\Cosmed-Db\TopPos.Data\Utility\DbContextProxy.cs	line:37
----------------------------------------
2016/5/16 上午 10:58:57	[Error]	[HOWHOWSONY-12WE]	計數必須為正且計數必須參考字串/陣列/集合中的位置。
參數名稱: count
Source:D:\Souce work\NEC\Cosmed-Db\TopPos.Data\Utility\DbContextProxy.cs	line:37
----------------------------------------
2016/5/16 上午 10:59:13	[Error]	[HOWHOWSONY-12WE]	計數必須為正且計數必須參考字串/陣列/集合中的位置。
參數名稱: count
Source:D:\Souce work\NEC\Cosmed-Db\TopPos.Data\Utility\DbContextProxy.cs	line:37
----------------------------------------
2016/5/16 下午 02:12:30	[Error]	[HOWHOWSONY-12WE]	對 'TopPos.Web.Areas.BAC.Controllers.RoleMenuController' 的方法 'System.Web.Mvc.ActionResult GetMenuList(Int32)' 中不可為 null 型別 'System.Int32' 的參數 'parentNo' 而言，參數字典含有 null 項目。選擇性參數必須是參考型別、可為 null 的型別，或必須宣告為選擇性參數。
參數名稱: parameters
----------------------------------------
2016/5/16 下午 02:12:38	[Error]	[HOWHOWSONY-12WE]	對 'TopPos.Web.Areas.BAC.Controllers.RoleMenuController' 的方法 'System.Web.Mvc.ActionResult GetMenuList(Int32)' 中不可為 null 型別 'System.Int32' 的參數 'parentNo' 而言，參數字典含有 null 項目。選擇性參數必須是參考型別、可為 null 的型別，或必須宣告為選擇性參數。
參數名稱: parameters
----------------------------------------
2016/5/16 下午 02:12:50	[Error]	[HOWHOWSONY-12WE]	對 'TopPos.Web.Areas.BAC.Controllers.RoleMenuController' 的方法 'System.Web.Mvc.ActionResult GetMenuList(Int32)' 中不可為 null 型別 'System.Int32' 的參數 'parentNo' 而言，參數字典含有 null 項目。選擇性參數必須是參考型別、可為 null 的型別，或必須宣告為選擇性參數。
參數名稱: parameters
----------------------------------------
2016/5/16 下午 02:13:56	[Error]	[HOWHOWSONY-12WE]	對 'TopPos.Web.Areas.BAC.Controllers.RoleMenuController' 的方法 'System.Web.Mvc.ActionResult GetMenuList(Int32)' 中不可為 null 型別 'System.Int32' 的參數 'parentNo' 而言，參數字典含有 null 項目。選擇性參數必須是參考型別、可為 null 的型別，或必須宣告為選擇性參數。
參數名稱: parameters
----------------------------------------
2016/5/16 下午 02:14:47	[Error]	[HOWHOWSONY-12WE]	對 'TopPos.Web.Areas.BAC.Controllers.RoleMenuController' 的方法 'System.Web.Mvc.ActionResult GetMenuList(Int32)' 中不可為 null 型別 'System.Int32' 的參數 'parentNo' 而言，參數字典含有 null 項目。選擇性參數必須是參考型別、可為 null 的型別，或必須宣告為選擇性參數。
參數名稱: parameters
----------------------------------------
2016/5/16 下午 04:13:14	[Error]	[HOWHOWSONY-12WE]	並未將物件參考設定為物件的執行個體。
Source:D:\Souce work\NEC\Cosmed-Db\TopPos.Services.BAC\Services\PermissionsService.cs	line:24
----------------------------------------
2016/5/16 下午 04:18:56	[Error]	[HOWHOWSONY-12WE]	An error occurred while executing the command definition. See the inner exception for details.
Source:D:\Souce work\NEC\Cosmed-Db\TopPos.Services.BAC\Services\ItemService.cs	line:119
An error occurred while executing the command definition. See the inner exception for details.
