----------------------------------------
2016/6/3 下午 02:10:10	[Error]	[HOWHOWSONY-12WE]	The entity type V_BAC_JobLogAll is not part of the model for the current context.
Source:D:\Souce work\NEC\Cosmed-Db\TopPos.Services.BAC\Services\SysJobLogService.cs	line:24
----------------------------------------
2016/6/3 下午 03:17:42	[Error]	[HOWHOWSONY-12WE]	The specified LINQ expression contains references to queries that are associated with different contexts.
Source:D:\Souce work\NEC\Cosmed-Db\TopPos.Web\Controllers\WebUtil.cs	line:36
----------------------------------------
2016/6/3 下午 03:18:25	[Error]	[HOWHOWSONY-12WE]	The specified LINQ expression contains references to queries that are associated with different contexts.
Source:D:\Souce work\NEC\Cosmed-Db\TopPos.Web\Controllers\WebUtil.cs	line:36
----------------------------------------
2016/6/3 下午 03:23:05	[Error]	[HOWHOWSONY-12WE]	LINQ to Entities does not recognize the method 'System.String ToString(System.String)' method, and this method cannot be translated into a store expression.
Source:D:\Souce work\NEC\Cosmed-Db\TopPos.Web\Controllers\WebUtil.cs	line:36
----------------------------------------
2016/6/3 下午 03:29:11	[Error]	[HOWHOWSONY-12WE]	LINQ to Entities does not recognize the method 'System.String PadLeft(Int32, Char)' method, and this method cannot be translated into a store expression.
Source:D:\Souce work\NEC\Cosmed-Db\TopPos.Web\Controllers\WebUtil.cs	line:36
----------------------------------------
2016/6/3 下午 03:35:52	[Error]	[HOWHOWSONY-12WE]	於資料庫 'master' 中，CREATE DATABASE 的權限遭拒。
Source:D:\Souce work\NEC\Cosmed-Db\TopPos.Services.BAC\Services\PermissionsService.cs	line:55
----------------------------------------
2016/6/3 下午 03:35:52	[Error]	[HOWHOWSONY-12WE]	An exception occurred while initializing the database. See the InnerException for details.
Source:D:\Souce work\NEC\Cosmed-Db\TopPos.Services.BAC\Services\PermissionsService.cs	line:55
An exception occurred while initializing the database. See the InnerException for details.
----------------------------------------
2016/6/3 下午 05:07:44	[Error]	[HOWHOWSONY-12WE]	An error occurred while reading from the store provider's data reader. See the inner exception for details.
Source:D:\Souce work\NEC\Cosmed-Db\TopPos.Web\Controllers\WebUtil.cs	line:36
An error occurred while reading from the store provider's data reader. See the inner exception for details.
----------------------------------------
2016/6/3 下午 05:23:20	[Error]	[HOWHOWSONY-12WE]	LINQ to Entities does not recognize the method 'System.String ToString(System.String)' method, and this method cannot be translated into a store expression.
Source:D:\Souce work\NEC\Cosmed-Db\TopPos.Web\Controllers\WebUtil.cs	line:36
----------------------------------------
2016/6/3 下午 05:26:44	[Error]	[HOWHOWSONY-12WE]	無法將類型 'WhereSelectListIterator`2[TopPos.Data.DTOs.BAC.SysJobLog.SysJobLogAllDTO,TopPos.Data.DTOs.BAC.SysJobLog.SysJobLogAllViewDTO]' 的物件轉換為類型 'System.Linq.IQueryable`1[System.Object]'。
Source:D:\Souce work\NEC\Cosmed-Db\TopPos.Web\Controllers\WebUtil.cs	line:36
